#
# There is insufficient memory for the Java Runtime Environment to continue.
# Native memory allocation (mmap) failed to map 23068672 bytes. Error detail: G1 virtual space
# Possible reasons:
#   The system is out of physical RAM or swap space
#   This process is running with CompressedOops enabled, and the Java Heap may be blocking the growth of the native heap
# Possible solutions:
#   Reduce memory load on the system
#   Increase physical memory or swap space
#   Check if swap backing store is full
#   Decrease Java heap size (-Xmx/-Xms)
#   Decrease number of Java threads
#   Decrease Java thread stack sizes (-Xss)
#   Set larger code cache with -XX:ReservedCodeCacheSize=
#   JVM is running with Unscaled Compressed Oops mode in which the Java heap is
#     placed in the first 4GB address space. The Java Heap base address is the
#     maximum limit for the native heap growth. Please use -XX:HeapBaseMinAddress
#     to set the Java Heap base and to place the Java Heap above 4GB virtual address.
# This output file may be truncated or incomplete.
#
#  Out of Memory Error (os_windows.cpp:3828), pid=188548, tid=183904
#
# JRE version: OpenJDK Runtime Environment (21.0.4) (build 21.0.4+-12508038-b607.1)
# Java VM: OpenJDK 64-Bit Server VM (21.0.4+-12508038-b607.1, mixed mode, tiered, compressed oops, compressed class ptrs, g1 gc, windows-amd64)
# No core dump will be written. Minidumps are not enabled by default on client versions of Windows
#

---------------  S U M M A R Y ------------

Command Line: org.jetbrains.kotlin.cli.jvm.K2JVMCompiler @C:\Users\tehbo\Downloads\Semester 4\z gabut\kalium\app\build\20250430_15785518823670727434.compiler.options

Host: AMD Ryzen 5 7535HS with Radeon Graphics        , 12 cores, 7G,  Windows 11 , 64 bit Build 26100 (10.0.26100.3775)
Time: Wed Apr 30 14:32:37 2025 SE Asia Standard Time elapsed time: 16.152873 seconds (0d 0h 0m 16s)

---------------  T H R E A D  ---------------

Current thread (0x0000018ec300a090):  VMThread "VM Thread"          [id=183904, stack(0x0000002134600000,0x0000002134700000) (1024K)]

Stack: [0x0000002134600000,0x0000002134700000]
Native frames: (J=compiled Java code, j=interpreted, Vv=VM code, C=native code)
V  [jvm.dll+0x6ce539]
V  [jvm.dll+0x85bf03]
V  [jvm.dll+0x85e45e]
V  [jvm.dll+0x85eb43]
V  [jvm.dll+0x27dd06]
V  [jvm.dll+0x6cada5]
V  [jvm.dll+0x6bf27a]
V  [jvm.dll+0x3541fb]
V  [jvm.dll+0x35be36]
V  [jvm.dll+0x3adbc6]
V  [jvm.dll+0x3ade98]
V  [jvm.dll+0x32691c]
V  [jvm.dll+0x329326]
V  [jvm.dll+0x33325d]
V  [jvm.dll+0x36a865]
V  [jvm.dll+0x8648c8]
V  [jvm.dll+0x865c44]
V  [jvm.dll+0x866180]
V  [jvm.dll+0x866413]
V  [jvm.dll+0x804418]
V  [jvm.dll+0x6cce0d]
C  [ucrtbase.dll+0x37b0]
C  [KERNEL32.DLL+0x2e8d7]
C  [ntdll.dll+0xb14fc]

VM_Operation (0x00000021341ff490): G1PauseRemark, mode: safepoint, requested by thread 0x0000018ea6bcd280


---------------  P R O C E S S  ---------------

Threads class SMR info:
_java_thread_list=0x0000018ec37e0230, length=12, elements={
0x0000018ea5174e60, 0x0000018ec3061ec0, 0x0000018ec3063490, 0x0000018ec30688c0,
0x0000018ec3064f00, 0x0000018ec30793a0, 0x0000018ec307a970, 0x0000018ec307e280,
0x0000018ec30878a0, 0x0000018ec3229e30, 0x0000018ec3232670, 0x0000018ec329c6c0
}

Java Threads: ( => current thread )
  0x0000018ea5174e60 JavaThread "main"                              [_thread_blocked, id=134496, stack(0x0000002133f00000,0x0000002134000000) (1024K)]
  0x0000018ec3061ec0 JavaThread "Reference Handler"          daemon [_thread_blocked, id=181760, stack(0x0000002134700000,0x0000002134800000) (1024K)]
  0x0000018ec3063490 JavaThread "Finalizer"                  daemon [_thread_blocked, id=182564, stack(0x0000002134800000,0x0000002134900000) (1024K)]
  0x0000018ec30688c0 JavaThread "Signal Dispatcher"          daemon [_thread_blocked, id=175220, stack(0x0000002134900000,0x0000002134a00000) (1024K)]
  0x0000018ec3064f00 JavaThread "Attach Listener"            daemon [_thread_blocked, id=183712, stack(0x0000002134a00000,0x0000002134b00000) (1024K)]
  0x0000018ec30793a0 JavaThread "Service Thread"             daemon [_thread_blocked, id=189024, stack(0x0000002134b00000,0x0000002134c00000) (1024K)]
  0x0000018ec307a970 JavaThread "Monitor Deflation Thread"   daemon [_thread_blocked, id=188968, stack(0x0000002134c00000,0x0000002134d00000) (1024K)]
  0x0000018ec307e280 JavaThread "C2 CompilerThread0"         daemon [_thread_blocked, id=152380, stack(0x0000002134d00000,0x0000002134e00000) (1024K)]
  0x0000018ec30878a0 JavaThread "C1 CompilerThread0"         daemon [_thread_blocked, id=190020, stack(0x0000002134e00000,0x0000002134f00000) (1024K)]
  0x0000018ec3229e30 JavaThread "Notification Thread"        daemon [_thread_blocked, id=189592, stack(0x0000002134f00000,0x0000002135000000) (1024K)]
  0x0000018ec3232670 JavaThread "Common-Cleaner"             daemon [_thread_blocked, id=187848, stack(0x0000002135000000,0x0000002135100000) (1024K)]
  0x0000018ec329c6c0 JavaThread "C2 CompilerThread1"         daemon [_thread_blocked, id=180340, stack(0x0000002135100000,0x0000002135200000) (1024K)]
Total: 12

Other Threads:
=>0x0000018ec300a090 VMThread "VM Thread"                           [id=183904, stack(0x0000002134600000,0x0000002134700000) (1024K)]
  0x0000018ebeb14230 WatcherThread "VM Periodic Task Thread"        [id=140624, stack(0x0000002134500000,0x0000002134600000) (1024K)]
  0x0000018ea6bbc9e0 WorkerThread "GC Thread#0"                     [id=185700, stack(0x0000002134000000,0x0000002134100000) (1024K)]
  0x0000018ec391f5f0 WorkerThread "GC Thread#1"                     [id=162132, stack(0x0000002135200000,0x0000002135300000) (1024K)]
  0x0000018ec39d4d20 WorkerThread "GC Thread#2"                     [id=183116, stack(0x0000002135300000,0x0000002135400000) (1024K)]
  0x0000018ec39d50c0 WorkerThread "GC Thread#3"                     [id=186532, stack(0x0000002135400000,0x0000002135500000) (1024K)]
  0x0000018ec39d5460 WorkerThread "GC Thread#4"                     [id=165232, stack(0x0000002135500000,0x0000002135600000) (1024K)]
  0x0000018ec39d5800 WorkerThread "GC Thread#5"                     [id=185764, stack(0x0000002135600000,0x0000002135700000) (1024K)]
  0x0000018ec3d84ea0 WorkerThread "GC Thread#6"                     [id=187660, stack(0x0000002135700000,0x0000002135800000) (1024K)]
  0x0000018ec3d85980 WorkerThread "GC Thread#7"                     [id=190288, stack(0x0000002135800000,0x0000002135900000) (1024K)]
  0x0000018ec3d855e0 WorkerThread "GC Thread#8"                     [id=187040, stack(0x0000002135b00000,0x0000002135c00000) (1024K)]
  0x0000018ec44df470 WorkerThread "GC Thread#9"                     [id=140884, stack(0x0000002135c00000,0x0000002135d00000) (1024K)]
  0x0000018ea6bcd280 ConcurrentGCThread "G1 Main Marker"            [id=189436, stack(0x0000002134100000,0x0000002134200000) (1024K)]
  0x0000018ea6bcdd80 WorkerThread "G1 Conc#0"                       [id=165800, stack(0x0000002134200000,0x0000002134300000) (1024K)]
  0x0000018ec3d84760 WorkerThread "G1 Conc#1"                       [id=186840, stack(0x0000002135900000,0x0000002135a00000) (1024K)]
  0x0000018ec3d84b00 WorkerThread "G1 Conc#2"                       [id=169056, stack(0x0000002135a00000,0x0000002135b00000) (1024K)]
  0x0000018ea6c2ea40 ConcurrentGCThread "G1 Refine#0"               [id=173848, stack(0x0000002134300000,0x0000002134400000) (1024K)]
  0x0000018ebe9e67f0 ConcurrentGCThread "G1 Service"                [id=170872, stack(0x0000002134400000,0x0000002134500000) (1024K)]
Total: 18

Threads with active compile tasks:
C2 CompilerThread0    16185 16255       4       androidx.compose.compiler.plugins.kotlin.lower.ComposerTypeRemapper::underlyingRemapType (327 bytes)
C2 CompilerThread1    16185 15734       4       org.jetbrains.kotlin.resolve.OverridingUtil::generateOverridesInFunctionGroup (123 bytes)
Total: 2

VM state: at safepoint (normal execution)

VM Mutex/Monitor currently owned by a thread:  ([mutex/lock_event])
[0x00007ffa351d72f8] Threads_lock - owner thread: 0x0000018ec300a090
[0x00007ffa351d73f8] Heap_lock - owner thread: 0x0000018ea6bcd280

Heap address: 0x000000008ac00000, size: 1876 MB, Compressed Oops mode: 32-bit

CDS archive(s) not mapped
Compressed class space mapped at: 0x0000000100000000-0x0000000140000000, reserved size: 1073741824
Narrow klass base: 0x0000000000000000, Narrow klass shift: 3, Narrow klass range: 0x140000000

GC Precious Log:
 CardTable entry size: 512
 Card Set container configuration: InlinePtr #cards 5 size 8 Array Of Cards #cards 12 size 40 Howl #buckets 4 coarsen threshold 1843 Howl Bitmap #cards 512 size 80 coarsen threshold 460 Card regions per heap region 1 cards per card region 2048
 CPUs: 12 total, 12 available
 Memory: 7498M
 Large Page Support: Disabled
 NUMA Support: Disabled
 Compressed Oops: Enabled (32-bit)
 Heap Region Size: 1M
 Heap Min Capacity: 8M
 Heap Initial Capacity: 118M
 Heap Max Capacity: 1876M
 Pre-touch: Disabled
 Parallel Workers: 10
 Concurrent Workers: 3
 Concurrent Refinement Workers: 10
 Periodic GC: Disabled

Heap:
 garbage-first heap   total 176128K, used 122172K [0x000000008ac00000, 0x0000000100000000)
  region size 1024K, 12 young (12288K), 7 survivors (7168K)
 Metaspace       used 76325K, committed 77184K, reserved 1179648K
  class space    used 8185K, committed 8640K, reserved 1048576K

Heap Regions: E=young(eden), S=young(survivor), O=old, HS=humongous(starts), HC=humongous(continues), CS=collection set, F=free, TAMS=top-at-mark-start, PB=parsable bottom
|   0|0x000000008ac00000, 0x000000008ad00000, 0x000000008ad00000|100%|HS|  |TAMS 0x000000008ad00000| PB 0x000000008ac00000| Complete 
|   1|0x000000008ad00000, 0x000000008ae00000, 0x000000008ae00000|100%|HC|  |TAMS 0x000000008ae00000| PB 0x000000008ad00000| Complete 
|   2|0x000000008ae00000, 0x000000008af00000, 0x000000008af00000|100%|HC|  |TAMS 0x000000008af00000| PB 0x000000008ae00000| Complete 
|   3|0x000000008af00000, 0x000000008b000000, 0x000000008b000000|100%|HC|  |TAMS 0x000000008b000000| PB 0x000000008af00000| Complete 
|   4|0x000000008b000000, 0x000000008b100000, 0x000000008b100000|100%| O|  |TAMS 0x000000008b100000| PB 0x000000008b100000| Untracked 
|   5|0x000000008b100000, 0x000000008b200000, 0x000000008b200000|100%| O|  |TAMS 0x000000008b200000| PB 0x000000008b200000| Untracked 
|   6|0x000000008b200000, 0x000000008b300000, 0x000000008b300000|100%|HS|  |TAMS 0x000000008b300000| PB 0x000000008b200000| Complete 
|   7|0x000000008b300000, 0x000000008b3e1c00, 0x000000008b400000| 88%| O|  |TAMS 0x000000008b3e1c00| PB 0x000000008b3e1c00| Updating 
|   8|0x000000008b400000, 0x000000008b500000, 0x000000008b500000|100%| O|  |TAMS 0x000000008b500000| PB 0x000000008b500000| Untracked 
|   9|0x000000008b500000, 0x000000008b600000, 0x000000008b600000|100%| O|  |TAMS 0x000000008b600000| PB 0x000000008b600000| Untracked 
|  10|0x000000008b600000, 0x000000008b700000, 0x000000008b700000|100%| O|  |TAMS 0x000000008b700000| PB 0x000000008b700000| Untracked 
|  11|0x000000008b700000, 0x000000008b800000, 0x000000008b800000|100%| O|  |TAMS 0x000000008b800000| PB 0x000000008b800000| Untracked 
|  12|0x000000008b800000, 0x000000008b900000, 0x000000008b900000|100%| O|  |TAMS 0x000000008b900000| PB 0x000000008b900000| Untracked 
|  13|0x000000008b900000, 0x000000008ba00000, 0x000000008ba00000|100%| O|  |TAMS 0x000000008ba00000| PB 0x000000008ba00000| Untracked 
|  14|0x000000008ba00000, 0x000000008bb00000, 0x000000008bb00000|100%| O|  |TAMS 0x000000008bb00000| PB 0x000000008bb00000| Untracked 
|  15|0x000000008bb00000, 0x000000008bc00000, 0x000000008bc00000|100%| O|  |TAMS 0x000000008bc00000| PB 0x000000008bc00000| Updating 
|  16|0x000000008bc00000, 0x000000008bd00000, 0x000000008bd00000|100%| O|  |TAMS 0x000000008bd00000| PB 0x000000008bd00000| Untracked 
|  17|0x000000008bd00000, 0x000000008be00000, 0x000000008be00000|100%| O|  |TAMS 0x000000008be00000| PB 0x000000008be00000| Untracked 
|  18|0x000000008be00000, 0x000000008bf00000, 0x000000008bf00000|100%| O|  |TAMS 0x000000008bf00000| PB 0x000000008bf00000| Untracked 
|  19|0x000000008bf00000, 0x000000008c000000, 0x000000008c000000|100%| O|  |TAMS 0x000000008c000000| PB 0x000000008c000000| Untracked 
|  20|0x000000008c000000, 0x000000008c100000, 0x000000008c100000|100%| O|  |TAMS 0x000000008c100000| PB 0x000000008c100000| Untracked 
|  21|0x000000008c100000, 0x000000008c200000, 0x000000008c200000|100%| O|  |TAMS 0x000000008c200000| PB 0x000000008c200000| Untracked 
|  22|0x000000008c200000, 0x000000008c300000, 0x000000008c300000|100%| O|  |TAMS 0x000000008c300000| PB 0x000000008c300000| Updating 
|  23|0x000000008c300000, 0x000000008c400000, 0x000000008c400000|100%| O|  |TAMS 0x000000008c400000| PB 0x000000008c400000| Updating 
|  24|0x000000008c400000, 0x000000008c500000, 0x000000008c500000|100%| O|  |TAMS 0x000000008c500000| PB 0x000000008c500000| Untracked 
|  25|0x000000008c500000, 0x000000008c600000, 0x000000008c600000|100%| O|  |TAMS 0x000000008c600000| PB 0x000000008c600000| Updating 
|  26|0x000000008c600000, 0x000000008c700000, 0x000000008c700000|100%| O|  |TAMS 0x000000008c700000| PB 0x000000008c700000| Untracked 
|  27|0x000000008c700000, 0x000000008c800000, 0x000000008c800000|100%| O|  |TAMS 0x000000008c800000| PB 0x000000008c800000| Updating 
|  28|0x000000008c800000, 0x000000008c900000, 0x000000008c900000|100%|HS|  |TAMS 0x000000008c900000| PB 0x000000008c800000| Complete 
|  29|0x000000008c900000, 0x000000008ca00000, 0x000000008ca00000|100%|HC|  |TAMS 0x000000008ca00000| PB 0x000000008c900000| Complete 
|  30|0x000000008ca00000, 0x000000008cb00000, 0x000000008cb00000|100%| O|  |TAMS 0x000000008cb00000| PB 0x000000008cb00000| Untracked 
|  31|0x000000008cb00000, 0x000000008cc00000, 0x000000008cc00000|100%| O|  |TAMS 0x000000008cc00000| PB 0x000000008cc00000| Updating 
|  32|0x000000008cc00000, 0x000000008cd00000, 0x000000008cd00000|100%| O|  |TAMS 0x000000008cd00000| PB 0x000000008cd00000| Untracked 
|  33|0x000000008cd00000, 0x000000008ce00000, 0x000000008ce00000|100%| O|  |TAMS 0x000000008ce00000| PB 0x000000008ce00000| Untracked 
|  34|0x000000008ce00000, 0x000000008cf00000, 0x000000008cf00000|100%| O|  |TAMS 0x000000008cf00000| PB 0x000000008cf00000| Untracked 
|  35|0x000000008cf00000, 0x000000008d000000, 0x000000008d000000|100%| O|  |TAMS 0x000000008d000000| PB 0x000000008d000000| Updating 
|  36|0x000000008d000000, 0x000000008d100000, 0x000000008d100000|100%| O|  |TAMS 0x000000008d100000| PB 0x000000008d100000| Untracked 
|  37|0x000000008d100000, 0x000000008d200000, 0x000000008d200000|100%| O|  |TAMS 0x000000008d200000| PB 0x000000008d200000| Untracked 
|  38|0x000000008d200000, 0x000000008d300000, 0x000000008d300000|100%| O|  |TAMS 0x000000008d300000| PB 0x000000008d300000| Untracked 
|  39|0x000000008d300000, 0x000000008d400000, 0x000000008d400000|100%| O|  |TAMS 0x000000008d400000| PB 0x000000008d400000| Untracked 
|  40|0x000000008d400000, 0x000000008d500000, 0x000000008d500000|100%| O|  |TAMS 0x000000008d500000| PB 0x000000008d500000| Updating 
|  41|0x000000008d500000, 0x000000008d600000, 0x000000008d600000|100%| O|  |TAMS 0x000000008d600000| PB 0x000000008d600000| Updating 
|  42|0x000000008d600000, 0x000000008d700000, 0x000000008d700000|100%| O|  |TAMS 0x000000008d700000| PB 0x000000008d700000| Untracked 
|  43|0x000000008d700000, 0x000000008d800000, 0x000000008d800000|100%| O|  |TAMS 0x000000008d800000| PB 0x000000008d800000| Untracked 
|  44|0x000000008d800000, 0x000000008d900000, 0x000000008d900000|100%| O|  |TAMS 0x000000008d900000| PB 0x000000008d900000| Untracked 
|  45|0x000000008d900000, 0x000000008da00000, 0x000000008da00000|100%| O|  |TAMS 0x000000008da00000| PB 0x000000008da00000| Untracked 
|  46|0x000000008da00000, 0x000000008db00000, 0x000000008db00000|100%| O|  |TAMS 0x000000008db00000| PB 0x000000008db00000| Untracked 
|  47|0x000000008db00000, 0x000000008dc00000, 0x000000008dc00000|100%| O|  |TAMS 0x000000008dc00000| PB 0x000000008dc00000| Untracked 
|  48|0x000000008dc00000, 0x000000008dd00000, 0x000000008dd00000|100%| O|  |TAMS 0x000000008dd00000| PB 0x000000008dd00000| Untracked 
|  49|0x000000008dd00000, 0x000000008de00000, 0x000000008de00000|100%| O|  |TAMS 0x000000008de00000| PB 0x000000008de00000| Untracked 
|  50|0x000000008de00000, 0x000000008df00000, 0x000000008df00000|100%| O|  |TAMS 0x000000008df00000| PB 0x000000008df00000| Untracked 
|  51|0x000000008df00000, 0x000000008e000000, 0x000000008e000000|100%| O|  |TAMS 0x000000008e000000| PB 0x000000008e000000| Untracked 
|  52|0x000000008e000000, 0x000000008e100000, 0x000000008e100000|100%| O|  |TAMS 0x000000008e100000| PB 0x000000008e100000| Untracked 
|  53|0x000000008e100000, 0x000000008e200000, 0x000000008e200000|100%| O|  |TAMS 0x000000008e200000| PB 0x000000008e200000| Untracked 
|  54|0x000000008e200000, 0x000000008e300000, 0x000000008e300000|100%| O|  |TAMS 0x000000008e300000| PB 0x000000008e300000| Untracked 
|  55|0x000000008e300000, 0x000000008e400000, 0x000000008e400000|100%| O|  |TAMS 0x000000008e400000| PB 0x000000008e400000| Updating 
|  56|0x000000008e400000, 0x000000008e500000, 0x000000008e500000|100%| O|  |TAMS 0x000000008e500000| PB 0x000000008e500000| Updating 
|  57|0x000000008e500000, 0x000000008e600000, 0x000000008e600000|100%| O|  |TAMS 0x000000008e600000| PB 0x000000008e600000| Untracked 
|  58|0x000000008e600000, 0x000000008e700000, 0x000000008e700000|100%| O|  |TAMS 0x000000008e700000| PB 0x000000008e700000| Untracked 
|  59|0x000000008e700000, 0x000000008e800000, 0x000000008e800000|100%| O|  |TAMS 0x000000008e800000| PB 0x000000008e800000| Untracked 
|  60|0x000000008e800000, 0x000000008e900000, 0x000000008e900000|100%| O|  |TAMS 0x000000008e900000| PB 0x000000008e900000| Untracked 
|  61|0x000000008e900000, 0x000000008ea00000, 0x000000008ea00000|100%| O|  |TAMS 0x000000008ea00000| PB 0x000000008ea00000| Untracked 
|  62|0x000000008ea00000, 0x000000008eb00000, 0x000000008eb00000|100%| O|  |TAMS 0x000000008eb00000| PB 0x000000008eb00000| Untracked 
|  63|0x000000008eb00000, 0x000000008ec00000, 0x000000008ec00000|100%| O|  |TAMS 0x000000008ec00000| PB 0x000000008ec00000| Untracked 
|  64|0x000000008ec00000, 0x000000008ed00000, 0x000000008ed00000|100%| O|  |TAMS 0x000000008ec00000| PB 0x000000008ec00000| Untracked 
|  65|0x000000008ed00000, 0x000000008ee00000, 0x000000008ee00000|100%| O|  |TAMS 0x000000008ed00000| PB 0x000000008ed00000| Untracked 
|  66|0x000000008ee00000, 0x000000008ef00000, 0x000000008ef00000|100%| O|  |TAMS 0x000000008ee00000| PB 0x000000008ee00000| Untracked 
|  67|0x000000008ef00000, 0x000000008f000000, 0x000000008f000000|100%| O|  |TAMS 0x000000008f000000| PB 0x000000008f000000| Untracked 
|  68|0x000000008f000000, 0x000000008f100000, 0x000000008f100000|100%| O|  |TAMS 0x000000008f100000| PB 0x000000008f100000| Untracked 
|  69|0x000000008f100000, 0x000000008f200000, 0x000000008f200000|100%| O|  |TAMS 0x000000008f200000| PB 0x000000008f200000| Updating 
|  70|0x000000008f200000, 0x000000008f300000, 0x000000008f300000|100%| O|  |TAMS 0x000000008f300000| PB 0x000000008f300000| Untracked 
|  71|0x000000008f300000, 0x000000008f400000, 0x000000008f400000|100%| O|  |TAMS 0x000000008f400000| PB 0x000000008f400000| Untracked 
|  72|0x000000008f400000, 0x000000008f500000, 0x000000008f500000|100%| O|  |TAMS 0x000000008f500000| PB 0x000000008f500000| Updating 
|  73|0x000000008f500000, 0x000000008f600000, 0x000000008f600000|100%| O|  |TAMS 0x000000008f600000| PB 0x000000008f600000| Untracked 
|  74|0x000000008f600000, 0x000000008f700000, 0x000000008f700000|100%| O|  |TAMS 0x000000008f700000| PB 0x000000008f700000| Untracked 
|  75|0x000000008f700000, 0x000000008f800000, 0x000000008f800000|100%| O|  |TAMS 0x000000008f800000| PB 0x000000008f800000| Untracked 
|  76|0x000000008f800000, 0x000000008f900000, 0x000000008f900000|100%| O|  |TAMS 0x000000008f900000| PB 0x000000008f900000| Updating 
|  77|0x000000008f900000, 0x000000008fa00000, 0x000000008fa00000|100%| O|  |TAMS 0x000000008fa00000| PB 0x000000008fa00000| Untracked 
|  78|0x000000008fa00000, 0x000000008fb00000, 0x000000008fb00000|100%| O|  |TAMS 0x000000008fb00000| PB 0x000000008fb00000| Updating 
|  79|0x000000008fb00000, 0x000000008fc00000, 0x000000008fc00000|100%| O|  |TAMS 0x000000008fc00000| PB 0x000000008fc00000| Untracked 
|  80|0x000000008fc00000, 0x000000008fd00000, 0x000000008fd00000|100%| O|  |TAMS 0x000000008fc00000| PB 0x000000008fc00000| Untracked 
|  81|0x000000008fd00000, 0x000000008fe00000, 0x000000008fe00000|100%|HS|  |TAMS 0x000000008fe00000| PB 0x000000008fd00000| Complete 
|  82|0x000000008fe00000, 0x000000008ff00000, 0x000000008ff00000|100%|HC|  |TAMS 0x000000008ff00000| PB 0x000000008fe00000| Complete 
|  83|0x000000008ff00000, 0x0000000090000000, 0x0000000090000000|100%| O|  |TAMS 0x0000000090000000| PB 0x0000000090000000| Untracked 
|  84|0x0000000090000000, 0x0000000090100000, 0x0000000090100000|100%| O|  |TAMS 0x0000000090100000| PB 0x0000000090100000| Untracked 
|  85|0x0000000090100000, 0x0000000090200000, 0x0000000090200000|100%| O|  |TAMS 0x0000000090200000| PB 0x0000000090200000| Untracked 
|  86|0x0000000090200000, 0x0000000090300000, 0x0000000090300000|100%| O|  |TAMS 0x0000000090300000| PB 0x0000000090300000| Untracked 
|  87|0x0000000090300000, 0x0000000090400000, 0x0000000090400000|100%| O|  |TAMS 0x0000000090400000| PB 0x0000000090400000| Updating 
|  88|0x0000000090400000, 0x0000000090500000, 0x0000000090500000|100%| O|  |TAMS 0x0000000090500000| PB 0x0000000090500000| Updating 
|  89|0x0000000090500000, 0x0000000090600000, 0x0000000090600000|100%| O|  |TAMS 0x0000000090500000| PB 0x0000000090500000| Untracked 
|  90|0x0000000090600000, 0x0000000090700000, 0x0000000090700000|100%| O|  |TAMS 0x0000000090700000| PB 0x0000000090700000| Updating 
|  91|0x0000000090700000, 0x0000000090800000, 0x0000000090800000|100%| O|  |TAMS 0x0000000090800000| PB 0x0000000090800000| Untracked 
|  92|0x0000000090800000, 0x0000000090900000, 0x0000000090900000|100%| O|  |TAMS 0x0000000090900000| PB 0x0000000090900000| Untracked 
|  93|0x0000000090900000, 0x0000000090a00000, 0x0000000090a00000|100%| O|  |TAMS 0x0000000090a00000| PB 0x0000000090a00000| Untracked 
|  94|0x0000000090a00000, 0x0000000090b00000, 0x0000000090b00000|100%| O|  |TAMS 0x0000000090b00000| PB 0x0000000090b00000| Untracked 
|  95|0x0000000090b00000, 0x0000000090c00000, 0x0000000090c00000|100%| O|  |TAMS 0x0000000090c00000| PB 0x0000000090c00000| Untracked 
|  96|0x0000000090c00000, 0x0000000090d00000, 0x0000000090d00000|100%| O|  |TAMS 0x0000000090d00000| PB 0x0000000090d00000| Untracked 
|  97|0x0000000090d00000, 0x0000000090e00000, 0x0000000090e00000|100%| O|  |TAMS 0x0000000090e00000| PB 0x0000000090e00000| Untracked 
|  98|0x0000000090e00000, 0x0000000090f00000, 0x0000000090f00000|100%| O|  |TAMS 0x0000000090e93118| PB 0x0000000090e93118| Updating 
|  99|0x0000000090f00000, 0x0000000091000000, 0x0000000091000000|100%| O|  |TAMS 0x0000000090f00000| PB 0x0000000090f00000| Untracked 
| 100|0x0000000091000000, 0x0000000091100000, 0x0000000091100000|100%| O|  |TAMS 0x0000000091000000| PB 0x0000000091000000| Untracked 
| 101|0x0000000091100000, 0x0000000091200000, 0x0000000091200000|100%| O|  |TAMS 0x0000000091100000| PB 0x0000000091100000| Untracked 
| 102|0x0000000091200000, 0x0000000091300000, 0x0000000091300000|100%| O|  |TAMS 0x0000000091200000| PB 0x0000000091200000| Untracked 
| 103|0x0000000091300000, 0x0000000091300000, 0x0000000091400000|  0%| F|  |TAMS 0x0000000091300000| PB 0x0000000091300000| Untracked 
| 104|0x0000000091400000, 0x0000000091500000, 0x0000000091500000|100%| O|  |TAMS 0x0000000091500000| PB 0x0000000091500000| Untracked 
| 105|0x0000000091500000, 0x0000000091600000, 0x0000000091600000|100%| O|  |TAMS 0x0000000091600000| PB 0x0000000091600000| Untracked 
| 106|0x0000000091600000, 0x0000000091700000, 0x0000000091700000|100%| O|  |TAMS 0x0000000091700000| PB 0x0000000091700000| Updating 
| 107|0x0000000091700000, 0x0000000091700000, 0x0000000091800000|  0%| F|  |TAMS 0x0000000091700000| PB 0x0000000091700000| Untracked 
| 108|0x0000000091800000, 0x0000000091800000, 0x0000000091900000|  0%| F|  |TAMS 0x0000000091800000| PB 0x0000000091800000| Untracked 
| 109|0x0000000091900000, 0x0000000091900000, 0x0000000091a00000|  0%| F|  |TAMS 0x0000000091900000| PB 0x0000000091900000| Untracked 
| 110|0x0000000091a00000, 0x0000000091a00000, 0x0000000091b00000|  0%| F|  |TAMS 0x0000000091a00000| PB 0x0000000091a00000| Untracked 
| 111|0x0000000091b00000, 0x0000000091b00000, 0x0000000091c00000|  0%| F|  |TAMS 0x0000000091b00000| PB 0x0000000091b00000| Untracked 
| 112|0x0000000091c00000, 0x0000000091c00000, 0x0000000091d00000|  0%| F|  |TAMS 0x0000000091c00000| PB 0x0000000091c00000| Untracked 
| 113|0x0000000091d00000, 0x0000000091d00000, 0x0000000091e00000|  0%| F|  |TAMS 0x0000000091d00000| PB 0x0000000091d00000| Untracked 
| 114|0x0000000091e00000, 0x0000000091f00000, 0x0000000091f00000|100%| O|  |TAMS 0x0000000091e00000| PB 0x0000000091e00000| Untracked 
| 115|0x0000000091f00000, 0x0000000091f6d700, 0x0000000092000000| 42%| O|  |TAMS 0x0000000091f00000| PB 0x0000000091f00000| Updating 
| 116|0x0000000092000000, 0x0000000092100000, 0x0000000092100000|100%| S|CS|TAMS 0x0000000092000000| PB 0x0000000092000000| Complete 
| 117|0x0000000092100000, 0x0000000092200000, 0x0000000092200000|100%| S|CS|TAMS 0x0000000092100000| PB 0x0000000092100000| Complete 
| 118|0x0000000092200000, 0x0000000092300000, 0x0000000092300000|100%| S|CS|TAMS 0x0000000092200000| PB 0x0000000092200000| Complete 
| 119|0x0000000092300000, 0x0000000092400000, 0x0000000092400000|100%| S|CS|TAMS 0x0000000092300000| PB 0x0000000092300000| Complete 
| 120|0x0000000092400000, 0x0000000092500000, 0x0000000092500000|100%| S|CS|TAMS 0x0000000092400000| PB 0x0000000092400000| Complete 
| 121|0x0000000092500000, 0x0000000092600000, 0x0000000092600000|100%| S|CS|TAMS 0x0000000092500000| PB 0x0000000092500000| Complete 
| 122|0x0000000092600000, 0x0000000092700000, 0x0000000092700000|100%| S|CS|TAMS 0x0000000092600000| PB 0x0000000092600000| Complete 
| 123|0x0000000092700000, 0x0000000092700000, 0x0000000092800000|  0%| F|  |TAMS 0x0000000092700000| PB 0x0000000092700000| Untracked 
| 124|0x0000000092800000, 0x0000000092800000, 0x0000000092900000|  0%| F|  |TAMS 0x0000000092800000| PB 0x0000000092800000| Untracked 
| 125|0x0000000092900000, 0x0000000092900000, 0x0000000092a00000|  0%| F|  |TAMS 0x0000000092900000| PB 0x0000000092900000| Untracked 
| 126|0x0000000092a00000, 0x0000000092a00000, 0x0000000092b00000|  0%| F|  |TAMS 0x0000000092a00000| PB 0x0000000092a00000| Untracked 
| 127|0x0000000092b00000, 0x0000000092b00000, 0x0000000092c00000|  0%| F|  |TAMS 0x0000000092b00000| PB 0x0000000092b00000| Untracked 
| 128|0x0000000092c00000, 0x0000000092c00000, 0x0000000092d00000|  0%| F|  |TAMS 0x0000000092c00000| PB 0x0000000092c00000| Untracked 
| 129|0x0000000092d00000, 0x0000000092d00000, 0x0000000092e00000|  0%| F|  |TAMS 0x0000000092d00000| PB 0x0000000092d00000| Untracked 
| 130|0x0000000092e00000, 0x0000000092e00000, 0x0000000092f00000|  0%| F|  |TAMS 0x0000000092e00000| PB 0x0000000092e00000| Untracked 
| 131|0x0000000092f00000, 0x0000000092f00000, 0x0000000093000000|  0%| F|  |TAMS 0x0000000092f00000| PB 0x0000000092f00000| Untracked 
| 132|0x0000000093000000, 0x0000000093000000, 0x0000000093100000|  0%| F|  |TAMS 0x0000000093000000| PB 0x0000000093000000| Untracked 
| 133|0x0000000093100000, 0x0000000093100000, 0x0000000093200000|  0%| F|  |TAMS 0x0000000093100000| PB 0x0000000093100000| Untracked 
| 134|0x0000000093200000, 0x0000000093200000, 0x0000000093300000|  0%| F|  |TAMS 0x0000000093200000| PB 0x0000000093200000| Untracked 
| 135|0x0000000093300000, 0x0000000093300000, 0x0000000093400000|  0%| F|  |TAMS 0x0000000093300000| PB 0x0000000093300000| Untracked 
| 136|0x0000000093400000, 0x0000000093400000, 0x0000000093500000|  0%| F|  |TAMS 0x0000000093400000| PB 0x0000000093400000| Untracked 
| 137|0x0000000093500000, 0x0000000093500000, 0x0000000093600000|  0%| F|  |TAMS 0x0000000093500000| PB 0x0000000093500000| Untracked 
| 138|0x0000000093600000, 0x0000000093600000, 0x0000000093700000|  0%| F|  |TAMS 0x0000000093600000| PB 0x0000000093600000| Untracked 
| 139|0x0000000093700000, 0x0000000093700000, 0x0000000093800000|  0%| F|  |TAMS 0x0000000093700000| PB 0x0000000093700000| Untracked 
| 140|0x0000000093800000, 0x0000000093800000, 0x0000000093900000|  0%| F|  |TAMS 0x0000000093800000| PB 0x0000000093800000| Untracked 
| 141|0x0000000093900000, 0x0000000093900000, 0x0000000093a00000|  0%| F|  |TAMS 0x0000000093900000| PB 0x0000000093900000| Untracked 
| 142|0x0000000093a00000, 0x0000000093a00000, 0x0000000093b00000|  0%| F|  |TAMS 0x0000000093a00000| PB 0x0000000093a00000| Untracked 
| 143|0x0000000093b00000, 0x0000000093b00000, 0x0000000093c00000|  0%| F|  |TAMS 0x0000000093b00000| PB 0x0000000093b00000| Untracked 
| 144|0x0000000093c00000, 0x0000000093c00000, 0x0000000093d00000|  0%| F|  |TAMS 0x0000000093c00000| PB 0x0000000093c00000| Untracked 
| 145|0x0000000093d00000, 0x0000000093d00000, 0x0000000093e00000|  0%| F|  |TAMS 0x0000000093d00000| PB 0x0000000093d00000| Untracked 
| 146|0x0000000093e00000, 0x0000000093e00000, 0x0000000093f00000|  0%| F|  |TAMS 0x0000000093e00000| PB 0x0000000093e00000| Untracked 
| 147|0x0000000093f00000, 0x0000000093f00000, 0x0000000094000000|  0%| F|  |TAMS 0x0000000093f00000| PB 0x0000000093f00000| Untracked 
| 148|0x0000000094000000, 0x0000000094000000, 0x0000000094100000|  0%| F|  |TAMS 0x0000000094000000| PB 0x0000000094000000| Untracked 
| 149|0x0000000094100000, 0x0000000094100000, 0x0000000094200000|  0%| F|  |TAMS 0x0000000094100000| PB 0x0000000094100000| Untracked 
| 150|0x0000000094200000, 0x0000000094200000, 0x0000000094300000|  0%| F|  |TAMS 0x0000000094200000| PB 0x0000000094200000| Untracked 
| 151|0x0000000094300000, 0x0000000094300000, 0x0000000094400000|  0%| F|  |TAMS 0x0000000094300000| PB 0x0000000094300000| Untracked 
| 152|0x0000000094400000, 0x0000000094400000, 0x0000000094500000|  0%| F|  |TAMS 0x0000000094400000| PB 0x0000000094400000| Untracked 
| 153|0x0000000094500000, 0x0000000094500000, 0x0000000094600000|  0%| F|  |TAMS 0x0000000094500000| PB 0x0000000094500000| Untracked 
| 154|0x0000000094600000, 0x0000000094600000, 0x0000000094700000|  0%| F|  |TAMS 0x0000000094600000| PB 0x0000000094600000| Untracked 
| 155|0x0000000094700000, 0x0000000094700000, 0x0000000094800000|  0%| F|  |TAMS 0x0000000094700000| PB 0x0000000094700000| Untracked 
| 156|0x0000000094800000, 0x0000000094800000, 0x0000000094900000|  0%| F|  |TAMS 0x0000000094800000| PB 0x0000000094800000| Untracked 
| 157|0x0000000094900000, 0x0000000094900000, 0x0000000094a00000|  0%| F|  |TAMS 0x0000000094900000| PB 0x0000000094900000| Untracked 
| 158|0x0000000094a00000, 0x0000000094a00000, 0x0000000094b00000|  0%| F|  |TAMS 0x0000000094a00000| PB 0x0000000094a00000| Untracked 
| 159|0x0000000094b00000, 0x0000000094b00000, 0x0000000094c00000|  0%| F|  |TAMS 0x0000000094b00000| PB 0x0000000094b00000| Untracked 
| 160|0x0000000094c00000, 0x0000000094c00000, 0x0000000094d00000|  0%| F|  |TAMS 0x0000000094c00000| PB 0x0000000094c00000| Untracked 
| 161|0x0000000094d00000, 0x0000000094d00000, 0x0000000094e00000|  0%| F|  |TAMS 0x0000000094d00000| PB 0x0000000094d00000| Untracked 
| 162|0x0000000094e00000, 0x0000000094e00000, 0x0000000094f00000|  0%| F|  |TAMS 0x0000000094e00000| PB 0x0000000094e00000| Untracked 
| 163|0x0000000094f00000, 0x0000000094f00000, 0x0000000095000000|  0%| F|  |TAMS 0x0000000094f00000| PB 0x0000000094f00000| Untracked 
| 164|0x0000000095000000, 0x0000000095000000, 0x0000000095100000|  0%| F|  |TAMS 0x0000000095000000| PB 0x0000000095000000| Untracked 
| 165|0x0000000095100000, 0x0000000095100000, 0x0000000095200000|  0%| F|  |TAMS 0x0000000095100000| PB 0x0000000095100000| Untracked 
| 166|0x0000000095200000, 0x0000000095280800, 0x0000000095300000| 50%| E|  |TAMS 0x0000000095200000| PB 0x0000000095200000| Complete 
| 167|0x0000000095300000, 0x0000000095400000, 0x0000000095400000|100%| E|CS|TAMS 0x0000000095300000| PB 0x0000000095300000| Complete 
| 168|0x0000000095400000, 0x0000000095500000, 0x0000000095500000|100%| E|CS|TAMS 0x0000000095400000| PB 0x0000000095400000| Complete 
| 169|0x0000000095500000, 0x0000000095600000, 0x0000000095600000|100%| E|CS|TAMS 0x0000000095500000| PB 0x0000000095500000| Complete 
| 170|0x0000000095600000, 0x0000000095700000, 0x0000000095700000|100%| E|CS|TAMS 0x0000000095600000| PB 0x0000000095600000| Complete 
|1875|0x00000000fff00000, 0x0000000100000000, 0x0000000100000000|100%| O|  |TAMS 0x0000000100000000| PB 0x0000000100000000| Updating 

Card table byte_map: [0x0000018eb9d80000,0x0000018eba130000] _byte_map_base: 0x0000018eb992a000

Marking Bits: (CMBitMap*) 0x0000018ea6bbd0e0
 Bits: [0x0000018eba130000, 0x0000018ebbe80000)

Polling page: 0x0000018ea5130000

Metaspace:

Usage:
  Non-class:     66.54 MB used.
      Class:      7.99 MB used.
       Both:     74.54 MB used.

Virtual space:
  Non-class space:      128.00 MB reserved,      66.94 MB ( 52%) committed,  2 nodes.
      Class space:        1.00 GB reserved,       8.44 MB ( <1%) committed,  1 nodes.
             Both:        1.12 GB reserved,      75.38 MB (  7%) committed. 

Chunk freelists:
   Non-Class:  12.78 MB
       Class:  7.49 MB
        Both:  20.27 MB

MaxMetaspaceSize: unlimited
CompressedClassSpaceSize: 1.00 GB
Initial GC threshold: 21.00 MB
Current GC threshold: 108.12 MB
CDS: off
 - commit_granule_bytes: 65536.
 - commit_granule_words: 8192.
 - virtual_space_node_default_size: 8388608.
 - enlarge_chunks_in_place: 1.
 - use_allocation_guard: 0.


Internal statistics:

num_allocs_failed_limit: 3.
num_arena_births: 1388.
num_arena_deaths: 0.
num_vsnodes_births: 3.
num_vsnodes_deaths: 0.
num_space_committed: 1204.
num_space_uncommitted: 0.
num_chunks_returned_to_freelist: 3.
num_chunks_taken_from_freelist: 4059.
num_chunk_merges: 3.
num_chunk_splits: 3052.
num_chunks_enlarged: 2368.
num_inconsistent_stats: 0.

CodeHeap 'non-profiled nmethods': size=120000Kb used=9145Kb max_used=9646Kb free=110854Kb
 bounds [0x0000018eb1820000, 0x0000018eb2190000, 0x0000018eb8d50000]
CodeHeap 'profiled nmethods': size=120000Kb used=41346Kb max_used=46081Kb free=78654Kb
 bounds [0x0000018ea9d50000, 0x0000018eaca60000, 0x0000018eb1280000]
CodeHeap 'non-nmethods': size=5760Kb used=1744Kb max_used=1793Kb free=4015Kb
 bounds [0x0000018eb1280000, 0x0000018eb14f0000, 0x0000018eb1820000]
 total_blobs=14298 nmethods=13540 adapters=658
 compilation: enabled
              stopped_count=0, restarted_count=0
 full_count=0

Compilation events (20 events):
Event: 14.116 Thread 0x0000018ec30878a0 16270       3       org.jetbrains.kotlin.ir.util.DeepCopyIrTreeWithSymbols::visitComposite (242 bytes)
Event: 14.117 Thread 0x0000018ec30878a0 nmethod 16270 0x0000018eaca47c90 code [0x0000018eaca480c0, 0x0000018eaca4a0a8]
Event: 14.117 Thread 0x0000018ec30878a0 16269       3       org.jetbrains.kotlin.ir.util.DeepCopyIrTreeWithSymbols::visitComposite (9 bytes)
Event: 14.117 Thread 0x0000018ec30878a0 nmethod 16269 0x0000018eaca4ad10 code [0x0000018eaca4aec0, 0x0000018eaca4b078]
Event: 14.117 Thread 0x0000018ec30878a0 16271       3       org.jetbrains.kotlin.descriptors.impl.LazyPackageViewDescriptorImpl::getFragments (17 bytes)
Event: 14.118 Thread 0x0000018ec30878a0 nmethod 16271 0x0000018eaca4b110 code [0x0000018eaca4b3c0, 0x0000018eaca4bfe8]
Event: 14.118 Thread 0x0000018ec30878a0 16272       1       org.jetbrains.kotlin.backend.common.extensions.IrPluginContextImpl::access$getSt$p (5 bytes)
Event: 14.118 Thread 0x0000018ec30878a0 nmethod 16272 0x0000018eb218b790 code [0x0000018eb218b920, 0x0000018eb218b9d0]
Event: 14.118 Thread 0x0000018ec30878a0 16273       3       org.jetbrains.kotlin.ir.util.DeepCopyIrTreeWithSymbols::visitExpressionBody (63 bytes)
Event: 14.119 Thread 0x0000018ec30878a0 nmethod 16273 0x0000018eaca4c410 code [0x0000018eaca4c720, 0x0000018eaca4d768]
Event: 14.119 Thread 0x0000018ec30878a0 16276       3       org.jetbrains.kotlin.ir.declarations.lazy.IrLazyFunction$valueParameters$2::invoke (5 bytes)
Event: 14.119 Thread 0x0000018ec30878a0 nmethod 16276 0x0000018eaca4dd10 code [0x0000018eaca4df00, 0x0000018eaca4e450]
Event: 14.119 Thread 0x0000018ec30878a0 16278       3       androidx.compose.compiler.plugins.kotlin.lower.DeepCopyIrTreeWithRemappedComposableTypes::shallowCopyCall (87 bytes)
Event: 14.120 Thread 0x0000018ec30878a0 nmethod 16278 0x0000018eaca4e690 code [0x0000018eaca4e940, 0x0000018eaca4f598]
Event: 14.120 Thread 0x0000018ec30878a0 16279       3       androidx.compose.compiler.plugins.kotlin.lower.DeepCopyIrTreeWithRemappedComposableTypes::transformValueArguments (102 bytes)
Event: 14.121 Thread 0x0000018ec30878a0 nmethod 16279 0x0000018eaca4fb90 code [0x0000018eaca4fe40, 0x0000018eaca50aa8]
Event: 14.121 Thread 0x0000018ec30878a0 16277       3       org.jetbrains.kotlin.ir.declarations.lazy.IrLazyFunction$valueParameters$2::invoke (28 bytes)
Event: 14.121 Thread 0x0000018ec30878a0 nmethod 16277 0x0000018eaca51010 code [0x0000018eaca51200, 0x0000018eaca516f0]
Event: 14.121 Thread 0x0000018ec30878a0 16280       3       kotlin.ranges.RangesKt___RangesKt::until (26 bytes)
Event: 14.121 Thread 0x0000018ec30878a0 nmethod 16280 0x0000018eaca51890 code [0x0000018eaca51a60, 0x0000018eaca51d78]

GC Heap History (20 events):
Event: 8.369 GC heap before
{Heap before GC invocations=29 (full 0):
 garbage-first heap   total 129024K, used 113852K [0x000000008ac00000, 0x0000000100000000)
  region size 1024K, 42 young (43008K), 5 survivors (5120K)
 Metaspace       used 63977K, committed 64704K, reserved 1114112K
  class space    used 7146K, committed 7488K, reserved 1048576K
}
Event: 8.373 GC heap after
{Heap after GC invocations=30 (full 0):
 garbage-first heap   total 129024K, used 79042K [0x000000008ac00000, 0x0000000100000000)
  region size 1024K, 4 young (4096K), 4 survivors (4096K)
 Metaspace       used 63977K, committed 64704K, reserved 1114112K
  class space    used 7146K, committed 7488K, reserved 1048576K
}
Event: 8.397 GC heap before
{Heap before GC invocations=30 (full 0):
 garbage-first heap   total 129024K, used 115906K [0x000000008ac00000, 0x0000000100000000)
  region size 1024K, 40 young (40960K), 4 survivors (4096K)
 Metaspace       used 63977K, committed 64704K, reserved 1114112K
  class space    used 7146K, committed 7488K, reserved 1048576K
}
Event: 8.402 GC heap after
{Heap after GC invocations=31 (full 0):
 garbage-first heap   total 129024K, used 83270K [0x000000008ac00000, 0x0000000100000000)
  region size 1024K, 5 young (5120K), 5 survivors (5120K)
 Metaspace       used 63977K, committed 64704K, reserved 1114112K
  class space    used 7146K, committed 7488K, reserved 1048576K
}
Event: 8.752 GC heap before
{Heap before GC invocations=32 (full 0):
 garbage-first heap   total 142336K, used 113990K [0x000000008ac00000, 0x0000000100000000)
  region size 1024K, 35 young (35840K), 5 survivors (5120K)
 Metaspace       used 64183K, committed 64896K, reserved 1114112K
  class space    used 7148K, committed 7488K, reserved 1048576K
}
Event: 8.758 GC heap after
{Heap after GC invocations=33 (full 0):
 garbage-first heap   total 142336K, used 88289K [0x000000008ac00000, 0x0000000100000000)
  region size 1024K, 5 young (5120K), 5 survivors (5120K)
 Metaspace       used 64183K, committed 64896K, reserved 1114112K
  class space    used 7148K, committed 7488K, reserved 1048576K
}
Event: 9.513 GC heap before
{Heap before GC invocations=33 (full 0):
 garbage-first heap   total 142336K, used 130273K [0x000000008ac00000, 0x0000000100000000)
  region size 1024K, 44 young (45056K), 5 survivors (5120K)
 Metaspace       used 64676K, committed 65408K, reserved 1114112K
  class space    used 7161K, committed 7488K, reserved 1048576K
}
Event: 9.525 GC heap after
{Heap after GC invocations=34 (full 0):
 garbage-first heap   total 171008K, used 93386K [0x000000008ac00000, 0x0000000100000000)
  region size 1024K, 4 young (4096K), 4 survivors (4096K)
 Metaspace       used 64676K, committed 65408K, reserved 1114112K
  class space    used 7161K, committed 7488K, reserved 1048576K
}
Event: 10.612 GC heap before
{Heap before GC invocations=34 (full 0):
 garbage-first heap   total 171008K, used 148682K [0x000000008ac00000, 0x0000000100000000)
  region size 1024K, 58 young (59392K), 4 survivors (4096K)
 Metaspace       used 65070K, committed 65792K, reserved 1114112K
  class space    used 7166K, committed 7488K, reserved 1048576K
}
Event: 10.619 GC heap after
{Heap after GC invocations=35 (full 0):
 garbage-first heap   total 171008K, used 97002K [0x000000008ac00000, 0x0000000100000000)
  region size 1024K, 8 young (8192K), 8 survivors (8192K)
 Metaspace       used 65070K, committed 65792K, reserved 1114112K
  class space    used 7166K, committed 7488K, reserved 1048576K
}
Event: 11.948 GC heap before
{Heap before GC invocations=35 (full 0):
 garbage-first heap   total 171008K, used 152298K [0x000000008ac00000, 0x0000000100000000)
  region size 1024K, 62 young (63488K), 8 survivors (8192K)
 Metaspace       used 65508K, committed 66240K, reserved 1114112K
  class space    used 7179K, committed 7552K, reserved 1048576K
}
Event: 11.961 GC heap after
{Heap after GC invocations=36 (full 0):
 garbage-first heap   total 171008K, used 101531K [0x000000008ac00000, 0x0000000100000000)
  region size 1024K, 8 young (8192K), 8 survivors (8192K)
 Metaspace       used 65508K, committed 66240K, reserved 1114112K
  class space    used 7179K, committed 7552K, reserved 1048576K
}
Event: 12.005 GC heap before
{Heap before GC invocations=36 (full 0):
 garbage-first heap   total 171008K, used 103579K [0x000000008ac00000, 0x0000000100000000)
  region size 1024K, 11 young (11264K), 8 survivors (8192K)
 Metaspace       used 65516K, committed 66240K, reserved 1114112K
  class space    used 7179K, committed 7552K, reserved 1048576K
}
Event: 12.013 GC heap after
{Heap after GC invocations=37 (full 0):
 garbage-first heap   total 171008K, used 103571K [0x000000008ac00000, 0x0000000100000000)
  region size 1024K, 2 young (2048K), 2 survivors (2048K)
 Metaspace       used 65516K, committed 66240K, reserved 1114112K
  class space    used 7179K, committed 7552K, reserved 1048576K
}
Event: 12.500 GC heap before
{Heap before GC invocations=38 (full 0):
 garbage-first heap   total 176128K, used 154771K [0x000000008ac00000, 0x0000000100000000)
  region size 1024K, 51 young (52224K), 2 survivors (2048K)
 Metaspace       used 66573K, committed 67328K, reserved 1114112K
  class space    used 7239K, committed 7616K, reserved 1048576K
}
Event: 12.503 GC heap after
{Heap after GC invocations=39 (full 0):
 garbage-first heap   total 176128K, used 105006K [0x000000008ac00000, 0x0000000100000000)
  region size 1024K, 3 young (3072K), 3 survivors (3072K)
 Metaspace       used 66573K, committed 67328K, reserved 1114112K
  class space    used 7239K, committed 7616K, reserved 1048576K
}
Event: 13.418 GC heap before
{Heap before GC invocations=39 (full 0):
 garbage-first heap   total 176128K, used 160302K [0x000000008ac00000, 0x0000000100000000)
  region size 1024K, 57 young (58368K), 3 survivors (3072K)
 Metaspace       used 73688K, committed 74496K, reserved 1179648K
  class space    used 7911K, committed 8320K, reserved 1048576K
}
Event: 13.429 GC heap after
{Heap after GC invocations=40 (full 0):
 garbage-first heap   total 176128K, used 107987K [0x000000008ac00000, 0x0000000100000000)
  region size 1024K, 8 young (8192K), 8 survivors (8192K)
 Metaspace       used 73688K, committed 74496K, reserved 1179648K
  class space    used 7911K, committed 8320K, reserved 1048576K
}
Event: 14.052 GC heap before
{Heap before GC invocations=40 (full 0):
 garbage-first heap   total 176128K, used 157139K [0x000000008ac00000, 0x0000000100000000)
  region size 1024K, 56 young (57344K), 8 survivors (8192K)
 Metaspace       used 76273K, committed 77120K, reserved 1179648K
  class space    used 8185K, committed 8640K, reserved 1048576K
}
Event: 14.067 GC heap after
{Heap after GC invocations=41 (full 0):
 garbage-first heap   total 176128K, used 118076K [0x000000008ac00000, 0x0000000100000000)
  region size 1024K, 7 young (7168K), 7 survivors (7168K)
 Metaspace       used 76273K, committed 77120K, reserved 1179648K
  class space    used 8185K, committed 8640K, reserved 1048576K
}

Dll operation events (3 events):
Event: 0.012 Loaded shared library C:\Program Files\Android\Android Studio\jbr\bin\java.dll
Event: 0.018 Loaded shared library C:\Program Files\Android\Android Studio\jbr\bin\zip.dll
Event: 1.273 Loaded shared library C:\Program Files\Android\Android Studio\jbr\bin\verify.dll

Deoptimization events (20 events):
Event: 14.041 Thread 0x0000018ea5174e60 Uncommon trap: trap_request=0xffffffde fr.pc=0x0000018eb2123eb0 relative=0x0000000000000090
Event: 14.041 Thread 0x0000018ea5174e60 Uncommon trap: reason=class_check action=maybe_recompile pc=0x0000018eb2123eb0 method=org.jetbrains.kotlin.ir.declarations.IrValueParameter.acceptChildren(Lorg/jetbrains/kotlin/ir/visitors/IrElementVisitor;Ljava/lang/Object;)V @ 7 c2
Event: 14.041 Thread 0x0000018ea5174e60 DEOPT PACKING pc=0x0000018eb2123eb0 sp=0x0000002133ffcf50
Event: 14.041 Thread 0x0000018ea5174e60 DEOPT UNPACKING pc=0x0000018eb12d46a2 sp=0x0000002133ffcee8 mode 2
Event: 14.041 Thread 0x0000018ea5174e60 Uncommon trap: trap_request=0xffffffde fr.pc=0x0000018eb2123eb0 relative=0x0000000000000090
Event: 14.041 Thread 0x0000018ea5174e60 Uncommon trap: reason=class_check action=maybe_recompile pc=0x0000018eb2123eb0 method=org.jetbrains.kotlin.ir.declarations.IrValueParameter.acceptChildren(Lorg/jetbrains/kotlin/ir/visitors/IrElementVisitor;Ljava/lang/Object;)V @ 7 c2
Event: 14.041 Thread 0x0000018ea5174e60 DEOPT PACKING pc=0x0000018eb2123eb0 sp=0x0000002133ffcf50
Event: 14.041 Thread 0x0000018ea5174e60 DEOPT UNPACKING pc=0x0000018eb12d46a2 sp=0x0000002133ffcee8 mode 2
Event: 14.121 Thread 0x0000018ea5174e60 Uncommon trap: trap_request=0xffffffc6 fr.pc=0x0000018eb21776b4 relative=0x0000000000000934
Event: 14.121 Thread 0x0000018ea5174e60 Uncommon trap: reason=bimorphic_or_optimized_type_check action=maybe_recompile pc=0x0000018eb21776b4 method=org.jetbrains.kotlin.ir.declarations.IrFunction.acceptChildren(Lorg/jetbrains/kotlin/ir/visitors/IrElementVisitor;Ljava/lang/Object;)V @ 7 c2
Event: 14.121 Thread 0x0000018ea5174e60 DEOPT PACKING pc=0x0000018eb21776b4 sp=0x0000002133fface0
Event: 14.121 Thread 0x0000018ea5174e60 DEOPT UNPACKING pc=0x0000018eb12d46a2 sp=0x0000002133ffac68 mode 2
Event: 14.121 Thread 0x0000018ea5174e60 Uncommon trap: trap_request=0xffffffde fr.pc=0x0000018eb2123eb0 relative=0x0000000000000090
Event: 14.121 Thread 0x0000018ea5174e60 Uncommon trap: reason=class_check action=maybe_recompile pc=0x0000018eb2123eb0 method=org.jetbrains.kotlin.ir.declarations.IrValueParameter.acceptChildren(Lorg/jetbrains/kotlin/ir/visitors/IrElementVisitor;Ljava/lang/Object;)V @ 7 c2
Event: 14.121 Thread 0x0000018ea5174e60 DEOPT PACKING pc=0x0000018eb2123eb0 sp=0x0000002133ffaa10
Event: 14.121 Thread 0x0000018ea5174e60 DEOPT UNPACKING pc=0x0000018eb12d46a2 sp=0x0000002133ffa9a8 mode 2
Event: 14.121 Thread 0x0000018ea5174e60 Uncommon trap: trap_request=0xffffffde fr.pc=0x0000018eb2123eb0 relative=0x0000000000000090
Event: 14.121 Thread 0x0000018ea5174e60 Uncommon trap: reason=class_check action=maybe_recompile pc=0x0000018eb2123eb0 method=org.jetbrains.kotlin.ir.declarations.IrValueParameter.acceptChildren(Lorg/jetbrains/kotlin/ir/visitors/IrElementVisitor;Ljava/lang/Object;)V @ 7 c2
Event: 14.121 Thread 0x0000018ea5174e60 DEOPT PACKING pc=0x0000018eb2123eb0 sp=0x0000002133ffaa10
Event: 14.121 Thread 0x0000018ea5174e60 DEOPT UNPACKING pc=0x0000018eb12d46a2 sp=0x0000002133ffa9a8 mode 2

Classes loaded (20 events):
Event: 12.621 Loading class java/text/NumberFormat done
Event: 12.621 Loading class java/text/ChoiceFormat done
Event: 12.633 Loading class java/lang/invoke/DirectMethodHandle$1
Event: 12.633 Loading class java/lang/invoke/DirectMethodHandle$1 done
Event: 12.638 Loading class java/text/FieldPosition
Event: 12.639 Loading class java/text/FieldPosition done
Event: 12.639 Loading class java/util/Date
Event: 12.639 Loading class java/util/Date done
Event: 12.639 Loading class java/text/MessageFormat$Field
Event: 12.639 Loading class java/text/Format$Field
Event: 12.639 Loading class java/text/AttributedCharacterIterator$Attribute
Event: 12.640 Loading class java/text/AttributedCharacterIterator$Attribute done
Event: 12.640 Loading class java/text/Format$Field done
Event: 12.640 Loading class java/text/MessageFormat$Field done
Event: 12.764 Loading class java/security/CodeSigner
Event: 12.765 Loading class java/security/CodeSigner done
Event: 13.545 Loading class java/lang/invoke/BoundMethodHandle$Species_LJ
Event: 13.546 Loading class java/lang/invoke/BoundMethodHandle$Species_LJ done
Event: 13.846 Loading class java/lang/invoke/BoundMethodHandle$Species_LLJ
Event: 13.846 Loading class java/lang/invoke/BoundMethodHandle$Species_LLJ done

Classes unloaded (0 events):
No events

Classes redefined (0 events):
No events

Internal exceptions (20 events):
Event: 4.233 Thread 0x0000018ea5174e60 Exception <a 'java/lang/NoSuchMethodError'{0x000000008ec9a0e8}: 'java.lang.Object java.lang.invoke.DirectMethodHandle$Holder.invokeSpecial(java.lang.Object, java.lang.Object, java.lang.Object, java.lang.Object, java.lang.Object, int)'> (0x000000008ec9a0e8) 
thrown [s\src\hotspot\share\interpreter\linkResolver.cpp, line 784]
Event: 4.233 Thread 0x0000018ea5174e60 Exception <a 'java/lang/NoSuchMethodError'{0x000000008ec9e0c8}: 'java.lang.Object java.lang.invoke.Invokers$Holder.linkToTargetMethod(java.lang.Object, java.lang.Object, java.lang.Object, int, java.lang.Object)'> (0x000000008ec9e0c8) 
thrown [s\src\hotspot\share\interpreter\linkResolver.cpp, line 784]
Event: 4.596 Thread 0x0000018ea5174e60 Exception <a 'java/lang/NoSuchMethodError'{0x000000008e3795d0}: 'java.lang.Object java.lang.invoke.DirectMethodHandle$Holder.invokeSpecial(java.lang.Object, java.lang.Object, java.lang.Object, java.lang.Object, java.lang.Object, java.lang.Object, int)'> (0x000000008e3795d0) 
thrown [s\src\hotspot\share\interpreter\linkResolver.cpp, line 784]
Event: 5.266 Thread 0x0000018ea5174e60 Exception <a 'java/lang/NoSuchMethodError'{0x000000008facdce8}: 'int java.lang.invoke.DirectMethodHandle$Holder.invokeStaticInit(java.lang.Object, int)'> (0x000000008facdce8) 
thrown [s\src\hotspot\share\interpreter\linkResolver.cpp, line 784]
Event: 5.310 Thread 0x0000018ea5174e60 Exception <a 'java/lang/NoSuchMethodError'{0x000000008f82e438}: 'java.lang.Object java.lang.invoke.DirectMethodHandle$Holder.newInvokeSpecial(java.lang.Object, int, java.lang.Object, java.lang.Object)'> (0x000000008f82e438) 
thrown [s\src\hotspot\share\interpreter\linkResolver.cpp, line 784]
Event: 6.045 Thread 0x0000018ea5174e60 Implicit null exception at 0x0000018eb1bbe7dd to 0x0000018eb1bbf250
Event: 6.245 Thread 0x0000018ea5174e60 Exception <a 'java/lang/NoSuchMethodError'{0x000000008fa9cd38}: 'java.lang.Object java.lang.invoke.DirectMethodHandle$Holder.invokeInterface(java.lang.Object, java.lang.Object, java.lang.Object)'> (0x000000008fa9cd38) 
thrown [s\src\hotspot\share\interpreter\linkResolver.cpp, line 784]
Event: 6.245 Thread 0x0000018ea5174e60 Exception <a 'java/lang/IncompatibleClassChangeError'{0x000000008faa03e0}: Found class java.lang.Object, but interface was expected> (0x000000008faa03e0) 
thrown [s\src\hotspot\share\interpreter\linkResolver.cpp, line 851]
Event: 8.952 Thread 0x0000018ea5174e60 Exception <a 'java/lang/NoSuchMethodError'{0x0000000092c1e408}: 'java.lang.Object java.lang.invoke.DirectMethodHandle$Holder.invokeStatic(java.lang.Object, int, java.lang.Object)'> (0x0000000092c1e408) 
thrown [s\src\hotspot\share\interpreter\linkResolver.cpp, line 784]
Event: 12.596 Thread 0x0000018ea5174e60 Exception <a 'java/lang/NoSuchMethodError'{0x00000000953ac960}: 'int java.lang.invoke.Invokers$Holder.invokeExact_MT(java.lang.Object, java.lang.Object, java.lang.Object)'> (0x00000000953ac960) 
thrown [s\src\hotspot\share\interpreter\linkResolver.cpp, line 784]
Event: 12.597 Thread 0x0000018ea5174e60 Exception <a 'java/lang/NoSuchMethodError'{0x00000000953b1098}: 'void java.lang.invoke.Invokers$Holder.invokeExact_MT(java.lang.Object, java.lang.Object, java.lang.Object, java.lang.Object)'> (0x00000000953b1098) 
thrown [s\src\hotspot\share\interpreter\linkResolver.cpp, line 784]
Event: 12.603 Thread 0x0000018ea5174e60 Implicit null exception at 0x0000018eb1bc2e63 to 0x0000018eb1bc33cc
Event: 12.604 Thread 0x0000018ea5174e60 Implicit null exception at 0x0000018eb1bc6c63 to 0x0000018eb1bc7080
Event: 12.614 Thread 0x0000018ea5174e60 Exception <a 'java/lang/NoSuchMethodError'{0x00000000952e0f98}: 'java.lang.Object java.lang.invoke.DirectMethodHandle$Holder.invokeStaticInit(java.lang.Object, java.lang.Object, java.lang.Object, java.lang.Object)'> (0x00000000952e0f98) 
thrown [s\src\hotspot\share\interpreter\linkResolver.cpp, line 784]
Event: 12.834 Thread 0x0000018ea5174e60 Exception <a 'java/lang/NoSuchMethodError'{0x0000000094339470}: 'java.lang.Object java.lang.invoke.DirectMethodHandle$Holder.newInvokeSpecial(java.lang.Object, java.lang.Object, java.lang.Object, int, int)'> (0x0000000094339470) 
thrown [s\src\hotspot\share\interpreter\linkResolver.cpp, line 784]
Event: 12.834 Thread 0x0000018ea5174e60 Exception <a 'java/lang/NoSuchMethodError'{0x000000009433d050}: 'java.lang.Object java.lang.invoke.DirectMethodHandle$Holder.invokeSpecial(java.lang.Object, java.lang.Object, java.lang.Object, java.lang.Object, int, int)'> (0x000000009433d050) 
thrown [s\src\hotspot\share\interpreter\linkResolver.cpp, line 784]
Event: 12.931 Thread 0x0000018ea5174e60 Exception <a 'java/lang/NoSuchMethodError'{0x0000000093ef3838}: 'java.lang.Object java.lang.invoke.DirectMethodHandle$Holder.invokeSpecial(java.lang.Object, java.lang.Object, int, int, java.lang.Object, java.lang.Object, java.lang.Object, java.lang.Object, java.lang.Object)'> (0x0000000093ef3838) 
thrown [s\src\hotspot\share\interpreter\linkResolver.cpp, line 784]
Event: 13.115 Thread 0x0000018ea5174e60 Implicit null exception at 0x0000018eb18cdc46 to 0x0000018eb18cdf04
Event: 13.271 Thread 0x0000018ea5174e60 Exception <a 'java/lang/NoSuchMethodError'{0x0000000092a8e798}: 'java.lang.Object java.lang.invoke.DirectMethodHandle$Holder.newInvokeSpecial(java.lang.Object, java.lang.Object, int, int, java.lang.Object, java.lang.Object, java.lang.Object)'> (0x0000000092a8e798) 
thrown [s\src\hotspot\share\interpreter\linkResolver.cpp, line 784]
Event: 13.271 Thread 0x0000018ea5174e60 Exception <a 'java/lang/NoSuchMethodError'{0x0000000092a92df8}: 'java.lang.Object java.lang.invoke.DirectMethodHandle$Holder.invokeSpecial(java.lang.Object, java.lang.Object, java.lang.Object, int, int, java.lang.Object, java.lang.Object, java.lang.Object)'> (0x0000000092a92df8) 
thrown [s\src\hotspot\share\interpreter\linkResolver.cpp, line 784]

ZGC Phase Switch (0 events):
No events

VM Operations (20 events):
Event: 13.761 Executing VM operation: HandshakeAllThreads (Deoptimize) done
Event: 13.815 Executing VM operation: ICBufferFull
Event: 13.815 Executing VM operation: ICBufferFull done
Event: 13.842 Executing VM operation: HandshakeAllThreads (Deoptimize)
Event: 13.842 Executing VM operation: HandshakeAllThreads (Deoptimize) done
Event: 13.891 Executing VM operation: ICBufferFull
Event: 13.891 Executing VM operation: ICBufferFull done
Event: 14.005 Executing VM operation: ICBufferFull
Event: 14.006 Executing VM operation: ICBufferFull done
Event: 14.018 Executing VM operation: HandshakeAllThreads (Deoptimize)
Event: 14.018 Executing VM operation: HandshakeAllThreads (Deoptimize) done
Event: 14.020 Executing VM operation: HandshakeAllThreads (Deoptimize)
Event: 14.020 Executing VM operation: HandshakeAllThreads (Deoptimize) done
Event: 14.030 Executing VM operation: HandshakeAllThreads (Deoptimize)
Event: 14.030 Executing VM operation: HandshakeAllThreads (Deoptimize) done
Event: 14.031 Executing VM operation: HandshakeAllThreads (Deoptimize)
Event: 14.031 Executing VM operation: HandshakeAllThreads (Deoptimize) done
Event: 14.052 Executing VM operation: G1CollectForAllocation (G1 Evacuation Pause)
Event: 14.067 Executing VM operation: G1CollectForAllocation (G1 Evacuation Pause) done
Event: 14.122 Executing VM operation: G1PauseRemark

Memory protections (0 events):
No events

Nmethod flushes (20 events):
Event: 14.132 Thread 0x0000018ec300a090 flushing  nmethod 0x0000018eab1f3f10
Event: 14.132 Thread 0x0000018ec300a090 flushing  nmethod 0x0000018eab20f610
Event: 14.132 Thread 0x0000018ec300a090 flushing  nmethod 0x0000018eab2a7c90
Event: 14.132 Thread 0x0000018ec300a090 flushing  nmethod 0x0000018eab2af390
Event: 14.132 Thread 0x0000018ec300a090 flushing  nmethod 0x0000018eab384d90
Event: 14.132 Thread 0x0000018ec300a090 flushing  nmethod 0x0000018eab3b9a10
Event: 14.132 Thread 0x0000018ec300a090 flushing  nmethod 0x0000018eab3ba710
Event: 14.132 Thread 0x0000018ec300a090 flushing  nmethod 0x0000018eab3f5d90
Event: 14.132 Thread 0x0000018ec300a090 flushing  nmethod 0x0000018eab444a10
Event: 14.132 Thread 0x0000018ec300a090 flushing  nmethod 0x0000018eab5cd390
Event: 14.132 Thread 0x0000018ec300a090 flushing  nmethod 0x0000018eab71ff10
Event: 14.132 Thread 0x0000018ec300a090 flushing  nmethod 0x0000018eab863f10
Event: 14.132 Thread 0x0000018ec300a090 flushing  nmethod 0x0000018eaba75210
Event: 14.132 Thread 0x0000018ec300a090 flushing  nmethod 0x0000018eaba80590
Event: 14.132 Thread 0x0000018ec300a090 flushing  nmethod 0x0000018eaba85910
Event: 14.132 Thread 0x0000018ec300a090 flushing  nmethod 0x0000018eabc03d90
Event: 14.132 Thread 0x0000018ec300a090 flushing  nmethod 0x0000018eabcd6d10
Event: 14.132 Thread 0x0000018ec300a090 flushing  nmethod 0x0000018eabd2b590
Event: 14.132 Thread 0x0000018ec300a090 flushing  nmethod 0x0000018eabd40590
Event: 14.132 Thread 0x0000018ec300a090 flushing  nmethod 0x0000018eabe62b10

Events (18 events):
Event: 0.018 Thread 0x0000018ea5174e60 Thread added: 0x0000018ea5174e60
Event: 0.063 Thread 0x0000018ea5174e60 Thread added: 0x0000018ec3061ec0
Event: 0.063 Thread 0x0000018ea5174e60 Thread added: 0x0000018ec3063490
Event: 0.065 Thread 0x0000018ea5174e60 Thread added: 0x0000018ec30688c0
Event: 0.065 Thread 0x0000018ea5174e60 Thread added: 0x0000018ec3064f00
Event: 0.065 Thread 0x0000018ea5174e60 Thread added: 0x0000018ec30793a0
Event: 0.065 Thread 0x0000018ea5174e60 Thread added: 0x0000018ec307a970
Event: 0.065 Thread 0x0000018ea5174e60 Thread added: 0x0000018ec307e280
Event: 0.065 Thread 0x0000018ea5174e60 Thread added: 0x0000018ec30878a0
Event: 0.127 Thread 0x0000018ea5174e60 Thread added: 0x0000018ec3229e30
Event: 0.134 Thread 0x0000018ea5174e60 Thread added: 0x0000018ec3232670
Event: 0.141 Loaded shared library C:\Program Files\Android\Android Studio\jbr\bin\net.dll
Event: 0.143 Loaded shared library C:\Program Files\Android\Android Studio\jbr\bin\nio.dll
Event: 0.160 Thread 0x0000018ec307e280 Thread added: 0x0000018ec329c6c0
Event: 0.160 Thread 0x0000018ec307e280 Thread added: 0x0000018ec329cd70
Event: 0.169 Loaded shared library C:\Program Files\Android\Android Studio\jbr\bin\zip.dll
Event: 0.221 Loaded shared library C:\Program Files\Android\Android Studio\jbr\bin\jimage.dll
Event: 0.826 Thread 0x0000018ec329cd70 Thread exited: 0x0000018ec329cd70


Dynamic libraries:
0x00007ff6f6170000 - 0x00007ff6f617a000 	C:\Program Files\Android\Android Studio\jbr\bin\java.exe
0x00007ffac5fc0000 - 0x00007ffac6220000 	C:\WINDOWS\SYSTEM32\ntdll.dll
0x00007ffac4e10000 - 0x00007ffac4ed7000 	C:\WINDOWS\System32\KERNEL32.DLL
0x00007ffac3290000 - 0x00007ffac365a000 	C:\WINDOWS\System32\KERNELBASE.dll
0x00007ffac3660000 - 0x00007ffac37ab000 	C:\WINDOWS\System32\ucrtbase.dll
0x00007ffabe6a0000 - 0x00007ffabe6bb000 	C:\Program Files\Android\Android Studio\jbr\bin\VCRUNTIME140.dll
0x00007ffaa33a0000 - 0x00007ffaa33b8000 	C:\Program Files\Android\Android Studio\jbr\bin\jli.dll
0x00007ffac52c0000 - 0x00007ffac548c000 	C:\WINDOWS\System32\USER32.dll
0x00007ffaab080000 - 0x00007ffaab317000 	C:\WINDOWS\WinSxS\amd64_microsoft.windows.common-controls_6595b64144ccf1df_6.0.26100.3624_none_3e086962e3345f24\COMCTL32.dll
0x00007ffac31a0000 - 0x00007ffac31c7000 	C:\WINDOWS\System32\win32u.dll
0x00007ffac4620000 - 0x00007ffac46c9000 	C:\WINDOWS\System32\msvcrt.dll
0x00007ffac3dc0000 - 0x00007ffac3dea000 	C:\WINDOWS\System32\GDI32.dll
0x00007ffac3a60000 - 0x00007ffac3b91000 	C:\WINDOWS\System32\gdi32full.dll
0x00007ffac3d10000 - 0x00007ffac3db3000 	C:\WINDOWS\System32\msvcp_win.dll
0x00007ffac4870000 - 0x00007ffac489f000 	C:\WINDOWS\System32\IMM32.DLL
0x00007ffabe660000 - 0x00007ffabe66c000 	C:\Program Files\Android\Android Studio\jbr\bin\vcruntime140_1.dll
0x00007ffa8bf80000 - 0x00007ffa8c00d000 	C:\Program Files\Android\Android Studio\jbr\bin\msvcp140.dll
0x00007ffa34630000 - 0x00007ffa352b3000 	C:\Program Files\Android\Android Studio\jbr\bin\server\jvm.dll
0x00007ffac5ae0000 - 0x00007ffac5b92000 	C:\WINDOWS\System32\ADVAPI32.dll
0x00007ffac4730000 - 0x00007ffac47d6000 	C:\WINDOWS\System32\sechost.dll
0x00007ffac48b0000 - 0x00007ffac49c6000 	C:\WINDOWS\System32\RPCRT4.dll
0x00007ffac4c30000 - 0x00007ffac4ca4000 	C:\WINDOWS\System32\WS2_32.dll
0x00007ffac2ff0000 - 0x00007ffac304e000 	C:\WINDOWS\SYSTEM32\POWRPROF.dll
0x00007ffabb0a0000 - 0x00007ffabb0d6000 	C:\WINDOWS\SYSTEM32\WINMM.dll
0x00007ffabccf0000 - 0x00007ffabccfb000 	C:\WINDOWS\SYSTEM32\VERSION.dll
0x00007ffac2fd0000 - 0x00007ffac2fe4000 	C:\WINDOWS\SYSTEM32\UMPDC.dll
0x00007ffac1fb0000 - 0x00007ffac1fca000 	C:\WINDOWS\SYSTEM32\kernel.appcore.dll
0x00007ffabe650000 - 0x00007ffabe65a000 	C:\Program Files\Android\Android Studio\jbr\bin\jimage.dll
0x00007ffab63b0000 - 0x00007ffab65f1000 	C:\WINDOWS\SYSTEM32\DBGHELP.DLL
0x00007ffac5ba0000 - 0x00007ffac5f22000 	C:\WINDOWS\System32\combase.dll
0x00007ffac51e0000 - 0x00007ffac52b6000 	C:\WINDOWS\System32\OLEAUT32.dll
0x00007ffaae300000 - 0x00007ffaae339000 	C:\WINDOWS\SYSTEM32\dbgcore.DLL
0x00007ffac37b0000 - 0x00007ffac3849000 	C:\WINDOWS\System32\bcryptPrimitives.dll
0x00007ffabb870000 - 0x00007ffabb890000 	C:\Program Files\Android\Android Studio\jbr\bin\java.dll
0x00007ffabb730000 - 0x00007ffabb748000 	C:\Program Files\Android\Android Studio\jbr\bin\zip.dll
0x00007ffac3df0000 - 0x00007ffac4519000 	C:\WINDOWS\System32\SHELL32.dll
0x00007ffac3ba0000 - 0x00007ffac3d08000 	C:\WINDOWS\System32\wintypes.dll
0x00007ffac0e60000 - 0x00007ffac16b2000 	C:\WINDOWS\SYSTEM32\windows.storage.dll
0x00007ffac4d00000 - 0x00007ffac4ded000 	C:\WINDOWS\System32\SHCORE.dll
0x00007ffac49e0000 - 0x00007ffac4a44000 	C:\WINDOWS\System32\shlwapi.dll
0x00007ffac30b0000 - 0x00007ffac30df000 	C:\WINDOWS\SYSTEM32\profapi.dll
0x00007ffabe5f0000 - 0x00007ffabe600000 	C:\Program Files\Android\Android Studio\jbr\bin\net.dll
0x00007ffabcd20000 - 0x00007ffabce3d000 	C:\WINDOWS\SYSTEM32\WINHTTP.dll
0x00007ffac24d0000 - 0x00007ffac253a000 	C:\WINDOWS\system32\mswsock.dll
0x00007ffab11d0000 - 0x00007ffab11e6000 	C:\Program Files\Android\Android Studio\jbr\bin\nio.dll
0x00007ffab11c0000 - 0x00007ffab11d0000 	C:\Program Files\Android\Android Studio\jbr\bin\verify.dll

dbghelp: loaded successfully - version: 4.0.5 - missing functions: none
symbol engine: initialized successfully - sym options: 0x614 - pdb path: .;C:\Program Files\Android\Android Studio\jbr\bin;C:\WINDOWS\SYSTEM32;C:\WINDOWS\WinSxS\amd64_microsoft.windows.common-controls_6595b64144ccf1df_6.0.26100.3624_none_3e086962e3345f24;C:\Program Files\Android\Android Studio\jbr\bin\server

VM Arguments:
java_command: org.jetbrains.kotlin.cli.jvm.K2JVMCompiler @C:\Users\tehbo\Downloads\Semester 4\z gabut\kalium\app\build\20250430_15785518823670727434.compiler.options
java_class_path (initial): C:\Users\tehbo\.gradle\caches\modules-2\files-2.1\org.jetbrains.kotlin\kotlin-compiler-embeddable\1.9.25\6e698f23ca1f74d6672827f61e92c2fe015d1b88\kotlin-compiler-embeddable-1.9.25.jar;C:\Users\tehbo\.gradle\caches\modules-2\files-2.1\org.jetbrains.kotlin\kotlin-stdlib\1.9.25\f700a2f2b8f0d6d0fde48f56d894dc722fb029d7\kotlin-stdlib-1.9.25.jar;C:\Users\tehbo\.gradle\caches\modules-2\files-2.1\org.jetbrains.kotlin\kotlin-script-runtime\1.9.25\43cdc99e4582c67c2b60f609d0e4c015d33a8e89\kotlin-script-runtime-1.9.25.jar;C:\Users\tehbo\.gradle\caches\modules-2\files-2.1\org.jetbrains.kotlin\kotlin-reflect\1.6.10\1cbe9c92c12a94eea200d23c2bbaedaf3daf5132\kotlin-reflect-1.6.10.jar;C:\Users\tehbo\.gradle\caches\modules-2\files-2.1\org.jetbrains.kotlin\kotlin-daemon-embeddable\1.9.25\3a1ebb4f98ed480e4774f45e3be215626eb3ae02\kotlin-daemon-embeddable-1.9.25.jar;C:\Users\tehbo\.gradle\caches\modules-2\files-2.1\org.jetbrains.intellij.deps\trove4j\1.0.20200330\3afb14d5f9ceb459d724e907a21145e8ff394f02\trove4j-1.0.20200330.jar;C:\Users\tehbo\.gradle\caches\modules-2\files-2.1\org.jetbrains\annotations\13.0\919f0dfe192fb4e063e7dacadee7f8bb9a2672a9\annotations-13.0.jar
Launcher Type: SUN_STANDARD

[Global flags]
     intx CICompilerCount                          = 4                                         {product} {ergonomic}
     uint ConcGCThreads                            = 3                                         {product} {ergonomic}
     uint G1ConcRefinementThreads                  = 10                                        {product} {ergonomic}
   size_t G1HeapRegionSize                         = 1048576                                   {product} {ergonomic}
    uintx GCDrainStackTargetSize                   = 64                                        {product} {ergonomic}
   size_t InitialHeapSize                          = 123731968                                 {product} {ergonomic}
   size_t MarkStackSize                            = 4194304                                   {product} {ergonomic}
   size_t MaxHeapSize                              = 1967128576                                {product} {ergonomic}
   size_t MaxNewSize                               = 1179648000                                {product} {ergonomic}
   size_t MinHeapDeltaBytes                        = 1048576                                   {product} {ergonomic}
   size_t MinHeapSize                              = 8388608                                   {product} {ergonomic}
    uintx NonNMethodCodeHeapSize                   = 5839372                                {pd product} {ergonomic}
    uintx NonProfiledCodeHeapSize                  = 122909434                              {pd product} {ergonomic}
    uintx ProfiledCodeHeapSize                     = 122909434                              {pd product} {ergonomic}
    uintx ReservedCodeCacheSize                    = 251658240                              {pd product} {ergonomic}
     bool SegmentedCodeCache                       = true                                      {product} {ergonomic}
   size_t SoftMaxHeapSize                          = 1967128576                             {manageable} {ergonomic}
     bool UseCompressedOops                        = true                           {product lp64_product} {ergonomic}
     bool UseG1GC                                  = true                                      {product} {ergonomic}
     bool UseLargePagesIndividualAllocation        = false                                  {pd product} {ergonomic}

Logging:
Log output configuration:
 #0: stdout all=warning uptime,level,tags foldmultilines=false
 #1: stderr all=off uptime,level,tags foldmultilines=false

Environment Variables:
JAVA_HOME=C:\Users\tehbo\Downloads\jdk-24_windows-x64_bin\jdk-24
PATH=C:\Program Files (x86)\Common Files\Intel\Shared Files\cpp\bin\Intel64;C:\WINDOWS\system32;C:\WINDOWS;C:\WINDOWS\System32\Wbem;C:\WINDOWS\System32\WindowsPowerShell\v1.0\;C:\WINDOWS\System32\OpenSSH\;C:\Program Files (x86)\NVIDIA Corporation\PhysX\Common;C:\Program Files\dotnet\;C:\Program Files\Microsoft VS Code\bin;C:\Users\tehbo\Downloads\jdk-24_windows-x64_bin\jdk-24\bin;C:\Program Files\PostgreSQL\17\bin;C:\Program Files\CMake\bin;C:\Program Files (x86)\Windows Kits\10\Windows Performance Toolkit\;C:\Users\tehbo\AppData\Local\Programs\Python\Python310;C:\Program Files\nodejs\;C:\Users\tehbo\AppData\Local\Programs\Python\Python310\Scripts\;C:\Users\tehbo\AppData\Local\Programs\Python\Python310\;C:\Users\tehbo\Downloads\jdk-24_windows-x64_bin\jdk-24\bin;C:\Program Files (x86)\Common Files\Intel\Shared Files\cpp\bin\Intel64;C:\Windows\system32;C:\Windows;C:\Windows\System32\Wbem;C:\Windows\System32\WindowsPowerShell\v1.0\;C:\Windows\System32\OpenSSH\;C:\Program Files (x86)\NVIDIA Corporation\PhysX\Common;C:\Program Files\NVIDIA Corporation\NVIDIA NvDLISR;C:\Program Files\dotnet\;C:\Program Files\Microsoft VS Code\bin;C:\Program Files\Git\cmd;C:\Users\tehbo\AppData\Local\Programs\Python\Python313\Scripts\;C:\Users\tehbo\AppData\Local\Programs\Python\Python313\;C:\Users\tehbo\AppData\Local\Microsoft\WindowsApps;C:\Users\tehbo\.dotnet\tools;C:\Users\tehbo\AppData\Local\Android\Sdk\platform-tools;C:\Users\tehbo\AppData\Local\Microsoft\WindowsApps;C:\Users\tehbo\AppData\Roaming\npm
USERNAME=tehbo
OS=Windows_NT
PROCESSOR_IDENTIFIER=AMD64 Family 25 Model 68 Stepping 1, AuthenticAMD
TMP=C:\Users\tehbo\AppData\Local\Temp
TEMP=C:\Users\tehbo\AppData\Local\Temp




Periodic native trim disabled

JNI global refs:
JNI global refs: 12, weak refs: 11

JNI global refs memory usage: 835, weak refs: 833

Process memory usage:
Resident Set Size: 384452K (5% of 7678756K total physical memory with 185984K free physical memory)

OOME stack traces (most recent first):
Classloader memory used:
Loader jdk.internal.loader.ClassLoaders$AppClassLoader                                 : 61283K
Loader bootstrap                                                                       : 13081K
Loader java.net.URLClassLoader                                                         : 1942K
Loader jdk.internal.loader.ClassLoaders$PlatformClassLoader                            : 19376B

---------------  S Y S T E M  ---------------

OS:
 Windows 11 , 64 bit Build 26100 (10.0.26100.3775)
OS uptime: 3 days 15:55 hours

CPU: total 12 (initial active 12) (12 cores per cpu, 2 threads per core) family 25 model 68 stepping 1 microcode 0xa404102, cx8, cmov, fxsr, ht, mmx, 3dnowpref, sse, sse2, sse3, ssse3, sse4a, sse4.1, sse4.2, popcnt, lzcnt, tsc, tscinvbit, avx, avx2, aes, erms, clmul, bmi1, bmi2, adx, sha, fma, vzeroupper, clflush, clflushopt, rdtscp, rdpid, fsrm, f16c, pku, cet_ss
Processor Information for all 12 processors :
  Max Mhz: 3301, Current Mhz: 3301, Mhz Limit: 3301

Memory: 4k page, system-wide physical 7498M (180M free)
TotalPageFile size 25930M (AvailPageFile size 5M)
current process WorkingSet (physical memory assigned to process): 376M, peak: 398M
current process commit charge ("private bytes"): 438M, peak: 479M

vm_info: OpenJDK 64-Bit Server VM (21.0.4+-12508038-b607.1) for windows-amd64 JRE (21.0.4+-12508038-b607.1), built on 2024-10-16T17:23:34Z by "builder" with MS VC++ 16.10 / 16.11 (VS2019)

END.
